Started game 1 of 40 (CounterLineBlackV2 vs StockfishSF18)
Finished game 1 (CounterLineBlackV2 vs StockfishSF18): 1/2-1/2 {Draw by 3-fold repetition}
Started game 2 of 40 (StockfishSF18 vs CounterLineBlackV2)
Finished game 2 (StockfishSF18 vs CounterLineBlackV2): 1/2-1/2 {Draw by insufficient mating material}
Started game 3 of 40 (CounterLineBlackV2 vs StockfishSF18)
Finished game 3 (CounterLineBlackV2 vs StockfishSF18): 1/2-1/2 {Draw by 3-fold repetition}
Started game 4 of 40 (StockfishSF18 vs CounterLineBlackV2)
Finished game 4 (StockfishSF18 vs CounterLineBlackV2): 1/2-1/2 {Draw by 3-fold repetition}
Started game 5 of 40 (CounterLineBlackV2 vs StockfishSF18)
Finished game 5 (CounterLineBlackV2 vs StockfishSF18): 1/2-1/2 {Draw by 3-fold repetition}
Started game 6 of 40 (StockfishSF18 vs CounterLineBlackV2)
Finished game 6 (StockfishSF18 vs CounterLineBlackV2): 1/2-1/2 {Draw by 3-fold repetition}
Started game 7 of 40 (CounterLineBlackV2 vs StockfishSF18)
Finished game 7 (CounterLineBlackV2 vs StockfishSF18): 1/2-1/2 {Draw by fifty moves rule}
Started game 8 of 40 (StockfishSF18 vs CounterLineBlackV2)
Finished game 8 (StockfishSF18 vs CounterLineBlackV2): 1/2-1/2 {Draw by insufficient mating material}
Started game 9 of 40 (CounterLineBlackV2 vs StockfishSF18)
Finished game 9 (CounterLineBlackV2 vs StockfishSF18): 1/2-1/2 {Draw by 3-fold repetition}
Started game 10 of 40 (StockfishSF18 vs CounterLineBlackV2)
Finished game 10 (StockfishSF18 vs CounterLineBlackV2): 1/2-1/2 {Draw by 3-fold repetition}
Started game 11 of 40 (CounterLineBlackV2 vs StockfishSF18)
Finished game 11 (CounterLineBlackV2 vs StockfishSF18): 1/2-1/2 {Draw by 3-fold repetition}
Started game 12 of 40 (StockfishSF18 vs CounterLineBlackV2)
Finished game 12 (StockfishSF18 vs CounterLineBlackV2): 1/2-1/2 {Draw by insufficient mating material}
Started game 13 of 40 (CounterLineBlackV2 vs StockfishSF18)
Finished game 13 (CounterLineBlackV2 vs StockfishSF18): 1/2-1/2 {Draw by 3-fold repetition}
Started game 14 of 40 (StockfishSF18 vs CounterLineBlackV2)
Finished game 14 (StockfishSF18 vs CounterLineBlackV2): 1/2-1/2 {Draw by 3-fold repetition}
Started game 15 of 40 (CounterLineBlackV2 vs StockfishSF18)
Finished game 15 (CounterLineBlackV2 vs StockfishSF18): 1/2-1/2 {Draw by 3-fold repetition}
Started game 16 of 40 (StockfishSF18 vs CounterLineBlackV2)
Finished game 16 (StockfishSF18 vs CounterLineBlackV2): 1-0 {White mates}
Started game 17 of 40 (CounterLineBlackV2 vs StockfishSF18)
Finished game 17 (CounterLineBlackV2 vs StockfishSF18): 1/2-1/2 {Draw by 3-fold repetition}
Started game 18 of 40 (StockfishSF18 vs CounterLineBlackV2)
Finished game 18 (StockfishSF18 vs CounterLineBlackV2): 1/2-1/2 {Draw by 3-fold repetition}
Started game 19 of 40 (CounterLineBlackV2 vs StockfishSF18)
Finished game 19 (CounterLineBlackV2 vs StockfishSF18): 1/2-1/2 {Draw by 3-fold repetition}
Started game 20 of 40 (StockfishSF18 vs CounterLineBlackV2)
Finished game 20 (StockfishSF18 vs CounterLineBlackV2): 1/2-1/2 {Draw by insufficient mating material}
--------------------------------------------------
Results of CounterLineBlackV2 vs StockfishSF18 (10+0.1, 1t, 64MB, exits.epd):
Elo: -17.39 +/- 32.48, nElo: -81.89 +/- 152.27
LOS: 14.59 %, DrawRatio: 90.00 %, PairsRatio: 0.00
Games: 20, Wins: 0, Losses: 1, Draws: 19, Points: 9.5 (47.50 %)
Ptnml(0-2): [0, 1, 9, 0, 0], WL/DD Ratio: 0.00
--------------------------------------------------
Started game 21 of 40 (CounterLineBlackV2 vs StockfishSF18)
Finished game 21 (CounterLineBlackV2 vs StockfishSF18): 1/2-1/2 {Draw by insufficient mating material}
Started game 22 of 40 (StockfishSF18 vs CounterLineBlackV2)
Finished game 22 (StockfishSF18 vs CounterLineBlackV2): 1/2-1/2 {Draw by 3-fold repetition}
Started game 23 of 40 (CounterLineBlackV2 vs StockfishSF18)
Finished game 23 (CounterLineBlackV2 vs StockfishSF18): 1/2-1/2 {Draw by 3-fold repetition}
Started game 24 of 40 (StockfishSF18 vs CounterLineBlackV2)
Finished game 24 (StockfishSF18 vs CounterLineBlackV2): 1/2-1/2 {Draw by 3-fold repetition}
Started game 25 of 40 (CounterLineBlackV2 vs StockfishSF18)
Finished game 25 (CounterLineBlackV2 vs StockfishSF18): 1/2-1/2 {Draw by 3-fold repetition}
Started game 26 of 40 (StockfishSF18 vs CounterLineBlackV2)
Finished game 26 (StockfishSF18 vs CounterLineBlackV2): 1/2-1/2 {Draw by 3-fold repetition}
Started game 27 of 40 (CounterLineBlackV2 vs StockfishSF18)
Finished game 27 (CounterLineBlackV2 vs StockfishSF18): 1/2-1/2 {Draw by 3-fold repetition}
Started game 28 of 40 (StockfishSF18 vs CounterLineBlackV2)
Finished game 28 (StockfishSF18 vs CounterLineBlackV2): 1/2-1/2 {Draw by 3-fold repetition}
Started game 29 of 40 (CounterLineBlackV2 vs StockfishSF18)
Finished game 29 (CounterLineBlackV2 vs StockfishSF18): 1/2-1/2 {Draw by 3-fold repetition}
Started game 30 of 40 (StockfishSF18 vs CounterLineBlackV2)
Finished game 30 (StockfishSF18 vs CounterLineBlackV2): 1/2-1/2 {Draw by 3-fold repetition}
Started game 31 of 40 (CounterLineBlackV2 vs StockfishSF18)
Finished game 31 (CounterLineBlackV2 vs StockfishSF18): 1/2-1/2 {Draw by 3-fold repetition}
Started game 32 of 40 (StockfishSF18 vs CounterLineBlackV2)
Finished game 32 (StockfishSF18 vs CounterLineBlackV2): 1/2-1/2 {Draw by 3-fold repetition}
Started game 33 of 40 (CounterLineBlackV2 vs StockfishSF18)
Finished game 33 (CounterLineBlackV2 vs StockfishSF18): 1/2-1/2 {Draw by 3-fold repetition}
Started game 34 of 40 (StockfishSF18 vs CounterLineBlackV2)
Finished game 34 (StockfishSF18 vs CounterLineBlackV2): 1/2-1/2 {Draw by 3-fold repetition}
Started game 35 of 40 (CounterLineBlackV2 vs StockfishSF18)
Finished game 35 (CounterLineBlackV2 vs StockfishSF18): 1/2-1/2 {Draw by 3-fold repetition}
Started game 36 of 40 (StockfishSF18 vs CounterLineBlackV2)
Finished game 36 (StockfishSF18 vs CounterLineBlackV2): 1-0 {White mates}
Started game 37 of 40 (CounterLineBlackV2 vs StockfishSF18)
Finished game 37 (CounterLineBlackV2 vs StockfishSF18): 1/2-1/2 {Draw by 3-fold repetition}
Started game 38 of 40 (StockfishSF18 vs CounterLineBlackV2)
Finished game 38 (StockfishSF18 vs CounterLineBlackV2): 1/2-1/2 {Draw by 3-fold repetition}
Started game 39 of 40 (CounterLineBlackV2 vs StockfishSF18)
Finished game 39 (CounterLineBlackV2 vs StockfishSF18): 1/2-1/2 {Draw by 3-fold repetition}
Started game 40 of 40 (StockfishSF18 vs CounterLineBlackV2)
Finished game 40 (StockfishSF18 vs CounterLineBlackV2): 1/2-1/2 {Draw by 3-fold repetition}
--------------------------------------------------
Results of CounterLineBlackV2 vs StockfishSF18 (10+0.1, 1t, 64MB, exits.epd):
Elo: -17.39 +/- 22.93, nElo: -81.89 +/- 107.67
LOS: 6.80 %, DrawRatio: 90.00 %, PairsRatio: 0.00
Games: 40, Wins: 0, Losses: 2, Draws: 38, Points: 19.0 (47.50 %)
Ptnml(0-2): [0, 2, 18, 0, 0], WL/DD Ratio: 0.00
--------------------------------------------------
Finished match
Total Time: 00:15:33 (hours:minutes:seconds)

