Started game 1 of 60 (CounterLineBlackV3 vs StockfishSF18)
Finished game 1 (CounterLineBlackV3 vs StockfishSF18): 1/2-1/2 {Draw by 3-fold repetition}
Started game 2 of 60 (StockfishSF18 vs CounterLineBlackV3)
Finished game 2 (StockfishSF18 vs CounterLineBlackV3): 1/2-1/2 {Draw by fifty moves rule}
Started game 3 of 60 (CounterLineBlackV3 vs StockfishSF18)
Finished game 3 (CounterLineBlackV3 vs StockfishSF18): 1/2-1/2 {Draw by 3-fold repetition}
Started game 4 of 60 (StockfishSF18 vs CounterLineBlackV3)
Finished game 4 (StockfishSF18 vs CounterLineBlackV3): 1/2-1/2 {Draw by 3-fold repetition}
Started game 5 of 60 (CounterLineBlackV3 vs StockfishSF18)
Finished game 5 (CounterLineBlackV3 vs StockfishSF18): 1/2-1/2 {Draw by 3-fold repetition}
Started game 6 of 60 (StockfishSF18 vs CounterLineBlackV3)
Finished game 6 (StockfishSF18 vs CounterLineBlackV3): 1/2-1/2 {Draw by 3-fold repetition}
Started game 7 of 60 (CounterLineBlackV3 vs StockfishSF18)
Finished game 7 (CounterLineBlackV3 vs StockfishSF18): 1/2-1/2 {Draw by 3-fold repetition}
Started game 8 of 60 (StockfishSF18 vs CounterLineBlackV3)
Finished game 8 (StockfishSF18 vs CounterLineBlackV3): 1-0 {Black loses on time}
Started game 9 of 60 (CounterLineBlackV3 vs StockfishSF18)
Finished game 9 (CounterLineBlackV3 vs StockfishSF18): 1/2-1/2 {Draw by 3-fold repetition}
Started game 10 of 60 (StockfishSF18 vs CounterLineBlackV3)
Finished game 10 (StockfishSF18 vs CounterLineBlackV3): 1/2-1/2 {Draw by stalemate}
Started game 11 of 60 (CounterLineBlackV3 vs StockfishSF18)
Finished game 11 (CounterLineBlackV3 vs StockfishSF18): 1/2-1/2 {Draw by 3-fold repetition}
Started game 12 of 60 (StockfishSF18 vs CounterLineBlackV3)
Finished game 12 (StockfishSF18 vs CounterLineBlackV3): 1-0 {Black loses on time}
Started game 13 of 60 (CounterLineBlackV3 vs StockfishSF18)
Finished game 13 (CounterLineBlackV3 vs StockfishSF18): 1/2-1/2 {Draw by 3-fold repetition}
Started game 14 of 60 (StockfishSF18 vs CounterLineBlackV3)
Finished game 14 (StockfishSF18 vs CounterLineBlackV3): 1/2-1/2 {Draw by 3-fold repetition}
Started game 15 of 60 (CounterLineBlackV3 vs StockfishSF18)
Finished game 15 (CounterLineBlackV3 vs StockfishSF18): 1/2-1/2 {Draw by 3-fold repetition}
Started game 16 of 60 (StockfishSF18 vs CounterLineBlackV3)
Finished game 16 (StockfishSF18 vs CounterLineBlackV3): 1/2-1/2 {Draw by 3-fold repetition}
Started game 17 of 60 (CounterLineBlackV3 vs StockfishSF18)
Finished game 17 (CounterLineBlackV3 vs StockfishSF18): 1/2-1/2 {Draw by 3-fold repetition}
Started game 18 of 60 (StockfishSF18 vs CounterLineBlackV3)
Finished game 18 (StockfishSF18 vs CounterLineBlackV3): 1/2-1/2 {Draw by 3-fold repetition}
Started game 19 of 60 (CounterLineBlackV3 vs StockfishSF18)
Finished game 19 (CounterLineBlackV3 vs StockfishSF18): 1/2-1/2 {Draw by 3-fold repetition}
Started game 20 of 60 (StockfishSF18 vs CounterLineBlackV3)
Finished game 20 (StockfishSF18 vs CounterLineBlackV3): 1/2-1/2 {Draw by 3-fold repetition}
--------------------------------------------------
Results of CounterLineBlackV3 vs StockfishSF18 (10+0.1, 1t, 64MB, exits.epd):
Elo: -34.86 +/- 43.74, nElo: -122.84 +/- 152.27
LOS: 5.69 %, DrawRatio: 80.00 %, PairsRatio: 0.00
Games: 20, Wins: 0, Losses: 2, Draws: 18, Points: 9.0 (45.00 %)
Ptnml(0-2): [0, 2, 8, 0, 0], WL/DD Ratio: 0.00
--------------------------------------------------
Started game 21 of 60 (CounterLineBlackV3 vs StockfishSF18)
Finished game 21 (CounterLineBlackV3 vs StockfishSF18): 1/2-1/2 {Draw by 3-fold repetition}
Started game 22 of 60 (StockfishSF18 vs CounterLineBlackV3)
Finished game 22 (StockfishSF18 vs CounterLineBlackV3): 1/2-1/2 {Draw by 3-fold repetition}
Started game 23 of 60 (CounterLineBlackV3 vs StockfishSF18)
Finished game 23 (CounterLineBlackV3 vs StockfishSF18): 1/2-1/2 {Draw by 3-fold repetition}
Started game 24 of 60 (StockfishSF18 vs CounterLineBlackV3)
Finished game 24 (StockfishSF18 vs CounterLineBlackV3): 1-0 {Black loses on time}
Started game 25 of 60 (CounterLineBlackV3 vs StockfishSF18)
Finished game 25 (CounterLineBlackV3 vs StockfishSF18): 1/2-1/2 {Draw by 3-fold repetition}
Started game 26 of 60 (StockfishSF18 vs CounterLineBlackV3)
Finished game 26 (StockfishSF18 vs CounterLineBlackV3): 1/2-1/2 {Draw by 3-fold repetition}
Started game 27 of 60 (CounterLineBlackV3 vs StockfishSF18)
Finished game 27 (CounterLineBlackV3 vs StockfishSF18): 1/2-1/2 {Draw by 3-fold repetition}
Started game 28 of 60 (StockfishSF18 vs CounterLineBlackV3)
Finished game 28 (StockfishSF18 vs CounterLineBlackV3): 1-0 {Black loses on time}
Started game 29 of 60 (CounterLineBlackV3 vs StockfishSF18)
Finished game 29 (CounterLineBlackV3 vs StockfishSF18): 1/2-1/2 {Draw by 3-fold repetition}
Started game 30 of 60 (StockfishSF18 vs CounterLineBlackV3)
Finished game 30 (StockfishSF18 vs CounterLineBlackV3): 1/2-1/2 {Draw by 3-fold repetition}
Started game 31 of 60 (CounterLineBlackV3 vs StockfishSF18)
Finished game 31 (CounterLineBlackV3 vs StockfishSF18): 1/2-1/2 {Draw by 3-fold repetition}
Started game 32 of 60 (StockfishSF18 vs CounterLineBlackV3)
Finished game 32 (StockfishSF18 vs CounterLineBlackV3): 1/2-1/2 {Draw by 3-fold repetition}
Started game 33 of 60 (CounterLineBlackV3 vs StockfishSF18)
Finished game 33 (CounterLineBlackV3 vs StockfishSF18): 1/2-1/2 {Draw by 3-fold repetition}
Started game 34 of 60 (StockfishSF18 vs CounterLineBlackV3)
Finished game 34 (StockfishSF18 vs CounterLineBlackV3): 1/2-1/2 {Draw by 3-fold repetition}
Started game 35 of 60 (CounterLineBlackV3 vs StockfishSF18)
Finished game 35 (CounterLineBlackV3 vs StockfishSF18): 1/2-1/2 {Draw by 3-fold repetition}
Started game 36 of 60 (StockfishSF18 vs CounterLineBlackV3)
Finished game 36 (StockfishSF18 vs CounterLineBlackV3): 1/2-1/2 {Draw by 3-fold repetition}
Started game 37 of 60 (CounterLineBlackV3 vs StockfishSF18)
Finished game 37 (CounterLineBlackV3 vs StockfishSF18): 1/2-1/2 {Draw by 3-fold repetition}
Started game 38 of 60 (StockfishSF18 vs CounterLineBlackV3)
Finished game 38 (StockfishSF18 vs CounterLineBlackV3): 1/2-1/2 {Draw by 3-fold repetition}
Started game 39 of 60 (CounterLineBlackV3 vs StockfishSF18)
Finished game 39 (CounterLineBlackV3 vs StockfishSF18): 1/2-1/2 {Draw by 3-fold repetition}
Started game 40 of 60 (StockfishSF18 vs CounterLineBlackV3)
Finished game 40 (StockfishSF18 vs CounterLineBlackV3): 1/2-1/2 {Draw by fifty moves rule}
--------------------------------------------------
Results of CounterLineBlackV3 vs StockfishSF18 (10+0.1, 1t, 64MB, exits.epd):
Elo: -34.86 +/- 30.84, nElo: -122.84 +/- 107.67
LOS: 1.27 %, DrawRatio: 80.00 %, PairsRatio: 0.00
Games: 40, Wins: 0, Losses: 4, Draws: 36, Points: 18.0 (45.00 %)
Ptnml(0-2): [0, 4, 16, 0, 0], WL/DD Ratio: 0.00
--------------------------------------------------
Started game 41 of 60 (CounterLineBlackV3 vs StockfishSF18)
Finished game 41 (CounterLineBlackV3 vs StockfishSF18): 1/2-1/2 {Draw by 3-fold repetition}
Started game 42 of 60 (StockfishSF18 vs CounterLineBlackV3)
Finished game 42 (StockfishSF18 vs CounterLineBlackV3): 1/2-1/2 {Draw by insufficient mating material}
Started game 43 of 60 (CounterLineBlackV3 vs StockfishSF18)
Finished game 43 (CounterLineBlackV3 vs StockfishSF18): 1/2-1/2 {Draw by 3-fold repetition}
Started game 44 of 60 (StockfishSF18 vs CounterLineBlackV3)
Finished game 44 (StockfishSF18 vs CounterLineBlackV3): 1-0 {Black loses on time}
Started game 45 of 60 (CounterLineBlackV3 vs StockfishSF18)
Finished game 45 (CounterLineBlackV3 vs StockfishSF18): 1/2-1/2 {Draw by 3-fold repetition}
Started game 46 of 60 (StockfishSF18 vs CounterLineBlackV3)
Finished game 46 (StockfishSF18 vs CounterLineBlackV3): 1/2-1/2 {Draw by fifty moves rule}
Started game 47 of 60 (CounterLineBlackV3 vs StockfishSF18)
Finished game 47 (CounterLineBlackV3 vs StockfishSF18): 1/2-1/2 {Draw by 3-fold repetition}
Started game 48 of 60 (StockfishSF18 vs CounterLineBlackV3)
Finished game 48 (StockfishSF18 vs CounterLineBlackV3): 1/2-1/2 {Draw by 3-fold repetition}
Started game 49 of 60 (CounterLineBlackV3 vs StockfishSF18)
Finished game 49 (CounterLineBlackV3 vs StockfishSF18): 1/2-1/2 {Draw by 3-fold repetition}
Started game 50 of 60 (StockfishSF18 vs CounterLineBlackV3)
Finished game 50 (StockfishSF18 vs CounterLineBlackV3): 1/2-1/2 {Draw by 3-fold repetition}
Started game 51 of 60 (CounterLineBlackV3 vs StockfishSF18)
Finished game 51 (CounterLineBlackV3 vs StockfishSF18): 1/2-1/2 {Draw by 3-fold repetition}
Started game 52 of 60 (StockfishSF18 vs CounterLineBlackV3)
Finished game 52 (StockfishSF18 vs CounterLineBlackV3): 1/2-1/2 {Draw by stalemate}
Started game 53 of 60 (CounterLineBlackV3 vs StockfishSF18)
Finished game 53 (CounterLineBlackV3 vs StockfishSF18): 1/2-1/2 {Draw by 3-fold repetition}
Started game 54 of 60 (StockfishSF18 vs CounterLineBlackV3)
Finished game 54 (StockfishSF18 vs CounterLineBlackV3): 1/2-1/2 {Draw by 3-fold repetition}
Started game 55 of 60 (CounterLineBlackV3 vs StockfishSF18)
Finished game 55 (CounterLineBlackV3 vs StockfishSF18): 1/2-1/2 {Draw by insufficient mating material}
Started game 56 of 60 (StockfishSF18 vs CounterLineBlackV3)
Finished game 56 (StockfishSF18 vs CounterLineBlackV3): 1/2-1/2 {Draw by 3-fold repetition}
Started game 57 of 60 (CounterLineBlackV3 vs StockfishSF18)
Finished game 57 (CounterLineBlackV3 vs StockfishSF18): 1/2-1/2 {Draw by insufficient mating material}
Started game 58 of 60 (StockfishSF18 vs CounterLineBlackV3)
Finished game 58 (StockfishSF18 vs CounterLineBlackV3): 1/2-1/2 {Draw by 3-fold repetition}
Started game 59 of 60 (CounterLineBlackV3 vs StockfishSF18)
Finished game 59 (CounterLineBlackV3 vs StockfishSF18): 1/2-1/2 {Draw by 3-fold repetition}
Started game 60 of 60 (StockfishSF18 vs CounterLineBlackV3)
Warning; No output from CounterLineBlackV3
Finished game 60 (StockfishSF18 vs CounterLineBlackV3): 1-0 {Black loses on time}
--------------------------------------------------
Results of CounterLineBlackV3 vs StockfishSF18 (10+0.1, 1t, 64MB, exits.epd):
Elo: -34.86 +/- 25.16, nElo: -122.84 +/- 87.91
LOS: 0.31 %, DrawRatio: 80.00 %, PairsRatio: 0.00
Games: 60, Wins: 0, Losses: 6, Draws: 54, Points: 27.0 (45.00 %)
Ptnml(0-2): [0, 6, 24, 0, 0], WL/DD Ratio: 0.00
--------------------------------------------------

Player: CounterLineBlackV3
  Timeouts: 6
  Crashed: 0

Finished match
Total Time: 00:22:37 (hours:minutes:seconds)

