Started game 1 of 40 (sf18 vs master)
Finished game 1 (sf18 vs master): 1-0 {White mates}
Started game 2 of 40 (master vs sf18)
Finished game 2 (master vs sf18): 0-1 {Black mates}
Started game 3 of 40 (sf18 vs master)
Finished game 3 (sf18 vs master): 1/2-1/2 {Draw by 3-fold repetition}
Started game 4 of 40 (master vs sf18)
Finished game 4 (master vs sf18): 1/2-1/2 {Draw by fifty moves rule}
Started game 5 of 40 (sf18 vs master)
Finished game 5 (sf18 vs master): 0-1 {Black mates}
Started game 6 of 40 (master vs sf18)
Finished game 6 (master vs sf18): 1-0 {White mates}
Started game 7 of 40 (sf18 vs master)
Finished game 7 (sf18 vs master): 1/2-1/2 {Draw by 3-fold repetition}
Started game 8 of 40 (master vs sf18)
Finished game 8 (master vs sf18): 0-1 {Black mates}
Started game 9 of 40 (sf18 vs master)
Finished game 9 (sf18 vs master): 1/2-1/2 {Draw by 3-fold repetition}
Started game 10 of 40 (master vs sf18)
Finished game 10 (master vs sf18): 0-1 {Black mates}
Started game 11 of 40 (sf18 vs master)
Finished game 11 (sf18 vs master): 1/2-1/2 {Draw by 3-fold repetition}
Started game 12 of 40 (master vs sf18)
Finished game 12 (master vs sf18): 1/2-1/2 {Draw by 3-fold repetition}
Started game 13 of 40 (sf18 vs master)
Finished game 13 (sf18 vs master): 1/2-1/2 {Draw by 3-fold repetition}
Started game 14 of 40 (master vs sf18)
Finished game 14 (master vs sf18): 1/2-1/2 {Draw by 3-fold repetition}
Started game 15 of 40 (sf18 vs master)
Finished game 15 (sf18 vs master): 1-0 {White mates}
Started game 16 of 40 (master vs sf18)
Finished game 16 (master vs sf18): 0-1 {Black mates}
Started game 17 of 40 (sf18 vs master)
Finished game 17 (sf18 vs master): 1/2-1/2 {Draw by 3-fold repetition}
Started game 18 of 40 (master vs sf18)
Finished game 18 (master vs sf18): 1/2-1/2 {Draw by 3-fold repetition}
Started game 19 of 40 (sf18 vs master)
Finished game 19 (sf18 vs master): 1-0 {White mates}
Started game 20 of 40 (master vs sf18)
Finished game 20 (master vs sf18): 1/2-1/2 {Draw by 3-fold repetition}
--------------------------------------------------
Results of sf18 vs master (1+0.1, 1t, 16MB, exit.epd):
Elo: 88.74 +/- 136.27, nElo: 109.87 +/- 152.27
LOS: 92.14 %, DrawRatio: 40.00 %, PairsRatio: 5.00
Games: 20, Wins: 7, Losses: 2, Draws: 11, Points: 12.5 (62.50 %)
Ptnml(0-2): [1, 0, 4, 3, 2], WL/DD Ratio: 0.00
--------------------------------------------------
Started game 21 of 40 (sf18 vs master)
Finished game 21 (sf18 vs master): 1/2-1/2 {Draw by 3-fold repetition}
Started game 22 of 40 (master vs sf18)
Finished game 22 (master vs sf18): 0-1 {Black mates}
Started game 23 of 40 (sf18 vs master)
Finished game 23 (sf18 vs master): 1-0 {White mates}
Started game 24 of 40 (master vs sf18)
Finished game 24 (master vs sf18): 1-0 {White mates}
Started game 25 of 40 (sf18 vs master)
Finished game 25 (sf18 vs master): 1/2-1/2 {Draw by 3-fold repetition}
Started game 26 of 40 (master vs sf18)
Finished game 26 (master vs sf18): 1/2-1/2 {Draw by 3-fold repetition}
Started game 27 of 40 (sf18 vs master)
Finished game 27 (sf18 vs master): 1/2-1/2 {Draw by 3-fold repetition}
Started game 28 of 40 (master vs sf18)
Finished game 28 (master vs sf18): 0-1 {Black mates}
Started game 29 of 40 (sf18 vs master)
Finished game 29 (sf18 vs master): 1/2-1/2 {Draw by 3-fold repetition}
Started game 30 of 40 (master vs sf18)
Finished game 30 (master vs sf18): 1/2-1/2 {Draw by fifty moves rule}
Started game 31 of 40 (sf18 vs master)
Finished game 31 (sf18 vs master): 1/2-1/2 {Draw by 3-fold repetition}
Started game 32 of 40 (master vs sf18)
Finished game 32 (master vs sf18): 1/2-1/2 {Draw by 3-fold repetition}
Started game 33 of 40 (sf18 vs master)
Finished game 33 (sf18 vs master): 1/2-1/2 {Draw by 3-fold repetition}
Started game 34 of 40 (master vs sf18)
Finished game 34 (master vs sf18): 0-1 {Black mates}
Started game 35 of 40 (sf18 vs master)
Finished game 35 (sf18 vs master): 1/2-1/2 {Draw by 3-fold repetition}
Started game 36 of 40 (master vs sf18)
Finished game 36 (master vs sf18): 1/2-1/2 {Draw by 3-fold repetition}
Started game 37 of 40 (sf18 vs master)
Finished game 37 (sf18 vs master): 1/2-1/2 {Draw by 3-fold repetition}
Started game 38 of 40 (master vs sf18)
Finished game 38 (master vs sf18): 0-1 {Black mates}
Started game 39 of 40 (sf18 vs master)
Finished game 39 (sf18 vs master): 1-0 {White mates}
Started game 40 of 40 (master vs sf18)
Finished game 40 (master vs sf18): 1-0 {White mates}
--------------------------------------------------
Results of sf18 vs master (1+0.1, 1t, 16MB, exit.epd):
Elo: 79.53 +/- 70.43, nElo: 127.87 +/- 107.67
LOS: 99.00 %, DrawRatio: 50.00 %, PairsRatio: 9.00
Games: 40, Wins: 13, Losses: 4, Draws: 23, Points: 24.5 (61.25 %)
Ptnml(0-2): [1, 0, 10, 7, 2], WL/DD Ratio: 0.25
--------------------------------------------------
Finished match
Total Time: 00:07:17 (hours:minutes:seconds)

