Started game 1 of 40 (sf18 vs master)
Finished game 1 (sf18 vs master): 1/2-1/2 {Draw by 3-fold repetition}
Started game 2 of 40 (master vs sf18)
Finished game 2 (master vs sf18): 1-0 {White mates}
Started game 3 of 40 (sf18 vs master)
Finished game 3 (sf18 vs master): 1/2-1/2 {Draw by 3-fold repetition}
Started game 4 of 40 (master vs sf18)
Finished game 4 (master vs sf18): 1/2-1/2 {Draw by 3-fold repetition}
Started game 5 of 40 (sf18 vs master)
Finished game 5 (sf18 vs master): 1/2-1/2 {Draw by 3-fold repetition}
Started game 6 of 40 (master vs sf18)
Finished game 6 (master vs sf18): 1/2-1/2 {Draw by 3-fold repetition}
Started game 7 of 40 (sf18 vs master)
Finished game 7 (sf18 vs master): 1/2-1/2 {Draw by fifty moves rule}
Started game 8 of 40 (master vs sf18)
Finished game 8 (master vs sf18): 1-0 {White mates}
Started game 9 of 40 (sf18 vs master)
Finished game 9 (sf18 vs master): 1/2-1/2 {Draw by 3-fold repetition}
Started game 10 of 40 (master vs sf18)
Finished game 10 (master vs sf18): 1-0 {White mates}
Started game 11 of 40 (sf18 vs master)
Finished game 11 (sf18 vs master): 1/2-1/2 {Draw by 3-fold repetition}
Started game 12 of 40 (master vs sf18)
Finished game 12 (master vs sf18): 1-0 {White mates}
Started game 13 of 40 (sf18 vs master)
Finished game 13 (sf18 vs master): 1/2-1/2 {Draw by insufficient mating material}
Started game 14 of 40 (master vs sf18)
Finished game 14 (master vs sf18): 1-0 {White mates}
Started game 15 of 40 (sf18 vs master)
Finished game 15 (sf18 vs master): 1/2-1/2 {Draw by 3-fold repetition}
Started game 16 of 40 (master vs sf18)
Finished game 16 (master vs sf18): 1-0 {White mates}
Started game 17 of 40 (sf18 vs master)
Finished game 17 (sf18 vs master): 1-0 {White mates}
Started game 18 of 40 (master vs sf18)
Finished game 18 (master vs sf18): 1/2-1/2 {Draw by 3-fold repetition}
Started game 19 of 40 (sf18 vs master)
Finished game 19 (sf18 vs master): 1/2-1/2 {Draw by 3-fold repetition}
Started game 20 of 40 (master vs sf18)
Finished game 20 (master vs sf18): 1-0 {White mates}
--------------------------------------------------
Results of sf18 vs master (1+0.1, 1t, 16MB, exit.epd):
Elo: -107.54 +/- 80.26, nElo: -222.22 +/- 152.27
LOS: 0.21 %, DrawRatio: 20.00 %, PairsRatio: 0.14
Games: 20, Wins: 1, Losses: 7, Draws: 12, Points: 7.0 (35.00 %)
Ptnml(0-2): [0, 7, 2, 1, 0], WL/DD Ratio: 0.00
--------------------------------------------------
Started game 21 of 40 (sf18 vs master)
Finished game 21 (sf18 vs master): 1/2-1/2 {Draw by 3-fold repetition}
Started game 22 of 40 (master vs sf18)
Finished game 22 (master vs sf18): 1-0 {White mates}
Started game 23 of 40 (sf18 vs master)
Finished game 23 (sf18 vs master): 1/2-1/2 {Draw by 3-fold repetition}
Started game 24 of 40 (master vs sf18)
Finished game 24 (master vs sf18): 1/2-1/2 {Draw by 3-fold repetition}
Started game 25 of 40 (sf18 vs master)
Finished game 25 (sf18 vs master): 1/2-1/2 {Draw by 3-fold repetition}
Started game 26 of 40 (master vs sf18)
Finished game 26 (master vs sf18): 1-0 {White mates}
Started game 27 of 40 (sf18 vs master)
Finished game 27 (sf18 vs master): 1/2-1/2 {Draw by 3-fold repetition}
Started game 28 of 40 (master vs sf18)
Finished game 28 (master vs sf18): 1-0 {White mates}
Started game 29 of 40 (sf18 vs master)
Finished game 29 (sf18 vs master): 1/2-1/2 {Draw by 3-fold repetition}
Started game 30 of 40 (master vs sf18)
Finished game 30 (master vs sf18): 1/2-1/2 {Draw by fifty moves rule}
Started game 31 of 40 (sf18 vs master)
Finished game 31 (sf18 vs master): 1/2-1/2 {Draw by 3-fold repetition}
Started game 32 of 40 (master vs sf18)
Finished game 32 (master vs sf18): 1-0 {White mates}
Started game 33 of 40 (sf18 vs master)
Finished game 33 (sf18 vs master): 1/2-1/2 {Draw by stalemate}
Started game 34 of 40 (master vs sf18)
Finished game 34 (master vs sf18): 1-0 {White mates}
Started game 35 of 40 (sf18 vs master)
Finished game 35 (sf18 vs master): 1/2-1/2 {Draw by 3-fold repetition}
Started game 36 of 40 (master vs sf18)
Finished game 36 (master vs sf18): 1/2-1/2 {Draw by 3-fold repetition}
Started game 37 of 40 (sf18 vs master)
Finished game 37 (sf18 vs master): 1/2-1/2 {Draw by 3-fold repetition}
Started game 38 of 40 (master vs sf18)
Finished game 38 (master vs sf18): 0-1 {Black mates}
Started game 39 of 40 (sf18 vs master)
Finished game 39 (sf18 vs master): 1/2-1/2 {Draw by fifty moves rule}
Started game 40 of 40 (master vs sf18)
Finished game 40 (master vs sf18): 1-0 {White mates}
--------------------------------------------------
Results of sf18 vs master (1+0.1, 1t, 16MB, exit.epd):
Elo: -98.07 +/- 55.68, nElo: -201.99 +/- 107.67
LOS: 0.01 %, DrawRatio: 25.00 %, PairsRatio: 0.15
Games: 40, Wins: 2, Losses: 13, Draws: 25, Points: 14.5 (36.25 %)
Ptnml(0-2): [0, 13, 5, 2, 0], WL/DD Ratio: 0.00
--------------------------------------------------
Finished match
Total Time: 00:07:34 (hours:minutes:seconds)

