Started game 1 of 40 (sf18 vs master)
Finished game 1 (sf18 vs master): 1/2-1/2 {Draw by 3-fold repetition}
Started game 2 of 40 (master vs sf18)
Finished game 2 (master vs sf18): 1/2-1/2 {Draw by 3-fold repetition}
Started game 3 of 40 (sf18 vs master)
Finished game 3 (sf18 vs master): 1/2-1/2 {Draw by fifty moves rule}
Started game 4 of 40 (master vs sf18)
Finished game 4 (master vs sf18): 1/2-1/2 {Draw by 3-fold repetition}
Started game 5 of 40 (sf18 vs master)
Finished game 5 (sf18 vs master): 1/2-1/2 {Draw by 3-fold repetition}
Started game 6 of 40 (master vs sf18)
Finished game 6 (master vs sf18): 1/2-1/2 {Draw by 3-fold repetition}
Started game 7 of 40 (sf18 vs master)
Finished game 7 (sf18 vs master): 1/2-1/2 {Draw by fifty moves rule}
Started game 8 of 40 (master vs sf18)
Finished game 8 (master vs sf18): 1-0 {White mates}
Started game 9 of 40 (sf18 vs master)
Finished game 9 (sf18 vs master): 1/2-1/2 {Draw by 3-fold repetition}
Started game 10 of 40 (master vs sf18)
Finished game 10 (master vs sf18): 0-1 {Black mates}
Started game 11 of 40 (sf18 vs master)
Finished game 11 (sf18 vs master): 1/2-1/2 {Draw by 3-fold repetition}
Started game 12 of 40 (master vs sf18)
Finished game 12 (master vs sf18): 1-0 {White mates}
Started game 13 of 40 (sf18 vs master)
Finished game 13 (sf18 vs master): 1/2-1/2 {Draw by insufficient mating material}
Started game 14 of 40 (master vs sf18)
Finished game 14 (master vs sf18): 1/2-1/2 {Draw by 3-fold repetition}
Started game 15 of 40 (sf18 vs master)
Finished game 15 (sf18 vs master): 1/2-1/2 {Draw by insufficient mating material}
Started game 16 of 40 (master vs sf18)
Finished game 16 (master vs sf18): 1-0 {White mates}
Started game 17 of 40 (sf18 vs master)
Finished game 17 (sf18 vs master): 1/2-1/2 {Draw by 3-fold repetition}
Started game 18 of 40 (master vs sf18)
Finished game 18 (master vs sf18): 1/2-1/2 {Draw by 3-fold repetition}
Started game 19 of 40 (sf18 vs master)
Finished game 19 (sf18 vs master): 1/2-1/2 {Draw by 3-fold repetition}
Started game 20 of 40 (master vs sf18)
Finished game 20 (master vs sf18): 1/2-1/2 {Draw by 3-fold repetition}
--------------------------------------------------
Results of sf18 vs master (1+0.1, 1t, 16MB, exit.epd):
Elo: -34.86 +/- 66.06, nElo: -81.89 +/- 152.27
LOS: 14.59 %, DrawRatio: 60.00 %, PairsRatio: 0.33
Games: 20, Wins: 1, Losses: 3, Draws: 16, Points: 9.0 (45.00 %)
Ptnml(0-2): [0, 3, 6, 1, 0], WL/DD Ratio: 0.00
--------------------------------------------------
Started game 21 of 40 (sf18 vs master)
Finished game 21 (sf18 vs master): 1/2-1/2 {Draw by 3-fold repetition}
Started game 22 of 40 (master vs sf18)
Finished game 22 (master vs sf18): 1/2-1/2 {Draw by 3-fold repetition}
Started game 23 of 40 (sf18 vs master)
Finished game 23 (sf18 vs master): 1/2-1/2 {Draw by 3-fold repetition}
Started game 24 of 40 (master vs sf18)
Finished game 24 (master vs sf18): 1/2-1/2 {Draw by insufficient mating material}
Started game 25 of 40 (sf18 vs master)
Finished game 25 (sf18 vs master): 1/2-1/2 {Draw by 3-fold repetition}
Started game 26 of 40 (master vs sf18)
Finished game 26 (master vs sf18): 1/2-1/2 {Draw by insufficient mating material}
Started game 27 of 40 (sf18 vs master)
Finished game 27 (sf18 vs master): 1/2-1/2 {Draw by 3-fold repetition}
Started game 28 of 40 (master vs sf18)
Finished game 28 (master vs sf18): 1/2-1/2 {Draw by insufficient mating material}
Started game 29 of 40 (sf18 vs master)
Finished game 29 (sf18 vs master): 1/2-1/2 {Draw by 3-fold repetition}
Started game 30 of 40 (master vs sf18)
Finished game 30 (master vs sf18): 1/2-1/2 {Draw by 3-fold repetition}
Started game 31 of 40 (sf18 vs master)
Finished game 31 (sf18 vs master): 1/2-1/2 {Draw by fifty moves rule}
Started game 32 of 40 (master vs sf18)
Finished game 32 (master vs sf18): 1/2-1/2 {Draw by 3-fold repetition}
Started game 33 of 40 (sf18 vs master)
Finished game 33 (sf18 vs master): 1/2-1/2 {Draw by 3-fold repetition}
Started game 34 of 40 (master vs sf18)
Finished game 34 (master vs sf18): 1/2-1/2 {Draw by 3-fold repetition}
Started game 35 of 40 (sf18 vs master)
Finished game 35 (sf18 vs master): 1/2-1/2 {Draw by 3-fold repetition}
Started game 36 of 40 (master vs sf18)
Finished game 36 (master vs sf18): 1/2-1/2 {Draw by 3-fold repetition}
Started game 37 of 40 (sf18 vs master)
Finished game 37 (sf18 vs master): 1/2-1/2 {Draw by 3-fold repetition}
Started game 38 of 40 (master vs sf18)
Finished game 38 (master vs sf18): 1/2-1/2 {Draw by 3-fold repetition}
Started game 39 of 40 (sf18 vs master)
Finished game 39 (sf18 vs master): 1/2-1/2 {Draw by 3-fold repetition}
Started game 40 of 40 (master vs sf18)
Finished game 40 (master vs sf18): 1/2-1/2 {Draw by 3-fold repetition}
--------------------------------------------------
Results of sf18 vs master (1+0.1, 1t, 16MB, exit.epd):
Elo: -17.39 +/- 33.37, nElo: -56.36 +/- 107.67
LOS: 15.25 %, DrawRatio: 80.00 %, PairsRatio: 0.33
Games: 40, Wins: 1, Losses: 3, Draws: 36, Points: 19.0 (47.50 %)
Ptnml(0-2): [0, 3, 16, 1, 0], WL/DD Ratio: 0.00
--------------------------------------------------
Finished match
Total Time: 00:08:32 (hours:minutes:seconds)

