Started game 1 of 60 (CounterLineBlackV4 vs StockfishSF18)
Finished game 1 (CounterLineBlackV4 vs StockfishSF18): 1/2-1/2 {Draw by 3-fold repetition}
Started game 2 of 60 (StockfishSF18 vs CounterLineBlackV4)
Finished game 2 (StockfishSF18 vs CounterLineBlackV4): 1/2-1/2 {Draw by 3-fold repetition}
Started game 3 of 60 (CounterLineBlackV4 vs StockfishSF18)
Finished game 3 (CounterLineBlackV4 vs StockfishSF18): 1/2-1/2 {Draw by 3-fold repetition}
Started game 4 of 60 (StockfishSF18 vs CounterLineBlackV4)
Finished game 4 (StockfishSF18 vs CounterLineBlackV4): 1/2-1/2 {Draw by 3-fold repetition}
Started game 5 of 60 (CounterLineBlackV4 vs StockfishSF18)
Finished game 5 (CounterLineBlackV4 vs StockfishSF18): 1/2-1/2 {Draw by 3-fold repetition}
Started game 6 of 60 (StockfishSF18 vs CounterLineBlackV4)
Finished game 6 (StockfishSF18 vs CounterLineBlackV4): 1/2-1/2 {Draw by 3-fold repetition}
Started game 7 of 60 (CounterLineBlackV4 vs StockfishSF18)
Finished game 7 (CounterLineBlackV4 vs StockfishSF18): 1/2-1/2 {Draw by 3-fold repetition}
Started game 8 of 60 (StockfishSF18 vs CounterLineBlackV4)
Finished game 8 (StockfishSF18 vs CounterLineBlackV4): 1/2-1/2 {Draw by 3-fold repetition}
Started game 9 of 60 (CounterLineBlackV4 vs StockfishSF18)
Finished game 9 (CounterLineBlackV4 vs StockfishSF18): 0-1 {Black mates}
Started game 10 of 60 (StockfishSF18 vs CounterLineBlackV4)
Finished game 10 (StockfishSF18 vs CounterLineBlackV4): 1/2-1/2 {Draw by insufficient mating material}
Started game 11 of 60 (CounterLineBlackV4 vs StockfishSF18)
Finished game 11 (CounterLineBlackV4 vs StockfishSF18): 1/2-1/2 {Draw by 3-fold repetition}
Started game 12 of 60 (StockfishSF18 vs CounterLineBlackV4)
Finished game 12 (StockfishSF18 vs CounterLineBlackV4): 1/2-1/2 {Draw by 3-fold repetition}
Started game 13 of 60 (CounterLineBlackV4 vs StockfishSF18)
Finished game 13 (CounterLineBlackV4 vs StockfishSF18): 1/2-1/2 {Draw by stalemate}
Started game 14 of 60 (StockfishSF18 vs CounterLineBlackV4)
Finished game 14 (StockfishSF18 vs CounterLineBlackV4): 1/2-1/2 {Draw by 3-fold repetition}
Started game 15 of 60 (CounterLineBlackV4 vs StockfishSF18)
Finished game 15 (CounterLineBlackV4 vs StockfishSF18): 1/2-1/2 {Draw by 3-fold repetition}
Started game 16 of 60 (StockfishSF18 vs CounterLineBlackV4)
Finished game 16 (StockfishSF18 vs CounterLineBlackV4): 1/2-1/2 {Draw by 3-fold repetition}
Started game 17 of 60 (CounterLineBlackV4 vs StockfishSF18)
Finished game 17 (CounterLineBlackV4 vs StockfishSF18): 1/2-1/2 {Draw by 3-fold repetition}
Started game 18 of 60 (StockfishSF18 vs CounterLineBlackV4)
Finished game 18 (StockfishSF18 vs CounterLineBlackV4): 1/2-1/2 {Draw by insufficient mating material}
Started game 19 of 60 (CounterLineBlackV4 vs StockfishSF18)
Finished game 19 (CounterLineBlackV4 vs StockfishSF18): 1/2-1/2 {Draw by 3-fold repetition}
Started game 20 of 60 (StockfishSF18 vs CounterLineBlackV4)
Finished game 20 (StockfishSF18 vs CounterLineBlackV4): 1/2-1/2 {Draw by 3-fold repetition}
--------------------------------------------------
Results of CounterLineBlackV4 vs StockfishSF18 (10+0.1, 1t, 64MB, exits.epd):
Elo: -17.39 +/- 32.48, nElo: -81.89 +/- 152.27
LOS: 14.59 %, DrawRatio: 90.00 %, PairsRatio: 0.00
Games: 20, Wins: 0, Losses: 1, Draws: 19, Points: 9.5 (47.50 %)
Ptnml(0-2): [0, 1, 9, 0, 0], WL/DD Ratio: 0.00
--------------------------------------------------
Started game 21 of 60 (CounterLineBlackV4 vs StockfishSF18)
Finished game 21 (CounterLineBlackV4 vs StockfishSF18): 1/2-1/2 {Draw by 3-fold repetition}
Started game 22 of 60 (StockfishSF18 vs CounterLineBlackV4)
Finished game 22 (StockfishSF18 vs CounterLineBlackV4): 1/2-1/2 {Draw by 3-fold repetition}
Started game 23 of 60 (CounterLineBlackV4 vs StockfishSF18)
Finished game 23 (CounterLineBlackV4 vs StockfishSF18): 1/2-1/2 {Draw by 3-fold repetition}
Started game 24 of 60 (StockfishSF18 vs CounterLineBlackV4)
Finished game 24 (StockfishSF18 vs CounterLineBlackV4): 1/2-1/2 {Draw by 3-fold repetition}
Started game 25 of 60 (CounterLineBlackV4 vs StockfishSF18)
Finished game 25 (CounterLineBlackV4 vs StockfishSF18): 1/2-1/2 {Draw by 3-fold repetition}
Started game 26 of 60 (StockfishSF18 vs CounterLineBlackV4)
Finished game 26 (StockfishSF18 vs CounterLineBlackV4): 1/2-1/2 {Draw by insufficient mating material}
Started game 27 of 60 (CounterLineBlackV4 vs StockfishSF18)
Finished game 27 (CounterLineBlackV4 vs StockfishSF18): 1/2-1/2 {Draw by 3-fold repetition}
Started game 28 of 60 (StockfishSF18 vs CounterLineBlackV4)
Finished game 28 (StockfishSF18 vs CounterLineBlackV4): 1/2-1/2 {Draw by insufficient mating material}
Started game 29 of 60 (CounterLineBlackV4 vs StockfishSF18)
Finished game 29 (CounterLineBlackV4 vs StockfishSF18): 1/2-1/2 {Draw by 3-fold repetition}
Started game 30 of 60 (StockfishSF18 vs CounterLineBlackV4)
Finished game 30 (StockfishSF18 vs CounterLineBlackV4): 1/2-1/2 {Draw by 3-fold repetition}
Started game 31 of 60 (CounterLineBlackV4 vs StockfishSF18)
Finished game 31 (CounterLineBlackV4 vs StockfishSF18): 1/2-1/2 {Draw by 3-fold repetition}
Started game 32 of 60 (StockfishSF18 vs CounterLineBlackV4)
Finished game 32 (StockfishSF18 vs CounterLineBlackV4): 1/2-1/2 {Draw by 3-fold repetition}
Started game 33 of 60 (CounterLineBlackV4 vs StockfishSF18)
Finished game 33 (CounterLineBlackV4 vs StockfishSF18): 1/2-1/2 {Draw by 3-fold repetition}
Started game 34 of 60 (StockfishSF18 vs CounterLineBlackV4)
Finished game 34 (StockfishSF18 vs CounterLineBlackV4): 1/2-1/2 {Draw by 3-fold repetition}
Started game 35 of 60 (CounterLineBlackV4 vs StockfishSF18)
Finished game 35 (CounterLineBlackV4 vs StockfishSF18): 1/2-1/2 {Draw by 3-fold repetition}
Started game 36 of 60 (StockfishSF18 vs CounterLineBlackV4)
Finished game 36 (StockfishSF18 vs CounterLineBlackV4): 1/2-1/2 {Draw by fifty moves rule}
Started game 37 of 60 (CounterLineBlackV4 vs StockfishSF18)
Finished game 37 (CounterLineBlackV4 vs StockfishSF18): 1/2-1/2 {Draw by 3-fold repetition}
Started game 38 of 60 (StockfishSF18 vs CounterLineBlackV4)
Finished game 38 (StockfishSF18 vs CounterLineBlackV4): 1/2-1/2 {Draw by 3-fold repetition}
Started game 39 of 60 (CounterLineBlackV4 vs StockfishSF18)
Finished game 39 (CounterLineBlackV4 vs StockfishSF18): 1-0 {White mates}
Started game 40 of 60 (StockfishSF18 vs CounterLineBlackV4)
Finished game 40 (StockfishSF18 vs CounterLineBlackV4): 1/2-1/2 {Draw by 3-fold repetition}
--------------------------------------------------
Results of CounterLineBlackV4 vs StockfishSF18 (10+0.1, 1t, 64MB, exits.epd):
Elo: -0.00 +/- 24.11, nElo: 0.00 +/- 107.67
LOS: 50.00 %, DrawRatio: 90.00 %, PairsRatio: 1.00
Games: 40, Wins: 1, Losses: 1, Draws: 38, Points: 20.0 (50.00 %)
Ptnml(0-2): [0, 1, 18, 1, 0], WL/DD Ratio: 0.00
--------------------------------------------------
Started game 41 of 60 (CounterLineBlackV4 vs StockfishSF18)
Finished game 41 (CounterLineBlackV4 vs StockfishSF18): 1/2-1/2 {Draw by 3-fold repetition}
Started game 42 of 60 (StockfishSF18 vs CounterLineBlackV4)
Finished game 42 (StockfishSF18 vs CounterLineBlackV4): 1/2-1/2 {Draw by fifty moves rule}
Started game 43 of 60 (CounterLineBlackV4 vs StockfishSF18)
Finished game 43 (CounterLineBlackV4 vs StockfishSF18): 1/2-1/2 {Draw by 3-fold repetition}
Started game 44 of 60 (StockfishSF18 vs CounterLineBlackV4)
Finished game 44 (StockfishSF18 vs CounterLineBlackV4): 1/2-1/2 {Draw by 3-fold repetition}
Started game 45 of 60 (CounterLineBlackV4 vs StockfishSF18)
Finished game 45 (CounterLineBlackV4 vs StockfishSF18): 1/2-1/2 {Draw by 3-fold repetition}
Started game 46 of 60 (StockfishSF18 vs CounterLineBlackV4)
Finished game 46 (StockfishSF18 vs CounterLineBlackV4): 1/2-1/2 {Draw by 3-fold repetition}
Started game 47 of 60 (CounterLineBlackV4 vs StockfishSF18)
Finished game 47 (CounterLineBlackV4 vs StockfishSF18): 1/2-1/2 {Draw by 3-fold repetition}
Started game 48 of 60 (StockfishSF18 vs CounterLineBlackV4)
Finished game 48 (StockfishSF18 vs CounterLineBlackV4): 1/2-1/2 {Draw by 3-fold repetition}
Started game 49 of 60 (CounterLineBlackV4 vs StockfishSF18)
Finished game 49 (CounterLineBlackV4 vs StockfishSF18): 1/2-1/2 {Draw by 3-fold repetition}
Started game 50 of 60 (StockfishSF18 vs CounterLineBlackV4)
Finished game 50 (StockfishSF18 vs CounterLineBlackV4): 1/2-1/2 {Draw by 3-fold repetition}
Started game 51 of 60 (CounterLineBlackV4 vs StockfishSF18)
Finished game 51 (CounterLineBlackV4 vs StockfishSF18): 1/2-1/2 {Draw by 3-fold repetition}
Started game 52 of 60 (StockfishSF18 vs CounterLineBlackV4)
Finished game 52 (StockfishSF18 vs CounterLineBlackV4): 1/2-1/2 {Draw by 3-fold repetition}
Started game 53 of 60 (CounterLineBlackV4 vs StockfishSF18)
Finished game 53 (CounterLineBlackV4 vs StockfishSF18): 1/2-1/2 {Draw by 3-fold repetition}
Started game 54 of 60 (StockfishSF18 vs CounterLineBlackV4)
Finished game 54 (StockfishSF18 vs CounterLineBlackV4): 1/2-1/2 {Draw by 3-fold repetition}
Started game 55 of 60 (CounterLineBlackV4 vs StockfishSF18)
Finished game 55 (CounterLineBlackV4 vs StockfishSF18): 1/2-1/2 {Draw by 3-fold repetition}
Started game 56 of 60 (StockfishSF18 vs CounterLineBlackV4)
Finished game 56 (StockfishSF18 vs CounterLineBlackV4): 1/2-1/2 {Draw by 3-fold repetition}
Started game 57 of 60 (CounterLineBlackV4 vs StockfishSF18)
Finished game 57 (CounterLineBlackV4 vs StockfishSF18): 1/2-1/2 {Draw by 3-fold repetition}
Started game 58 of 60 (StockfishSF18 vs CounterLineBlackV4)
Finished game 58 (StockfishSF18 vs CounterLineBlackV4): 1/2-1/2 {Draw by 3-fold repetition}
Started game 59 of 60 (CounterLineBlackV4 vs StockfishSF18)
Finished game 59 (CounterLineBlackV4 vs StockfishSF18): 1/2-1/2 {Draw by 3-fold repetition}
Started game 60 of 60 (StockfishSF18 vs CounterLineBlackV4)
Finished game 60 (StockfishSF18 vs CounterLineBlackV4): 1/2-1/2 {Draw by 3-fold repetition}
--------------------------------------------------
Results of CounterLineBlackV4 vs StockfishSF18 (10+0.1, 1t, 64MB, exits.epd):
Elo: -0.00 +/- 16.06, nElo: 0.00 +/- 87.91
LOS: 50.00 %, DrawRatio: 93.33 %, PairsRatio: 1.00
Games: 60, Wins: 1, Losses: 1, Draws: 58, Points: 30.0 (50.00 %)
Ptnml(0-2): [0, 1, 28, 1, 0], WL/DD Ratio: 0.00
--------------------------------------------------
Finished match
Total Time: 00:21:36 (hours:minutes:seconds)

