Started game 1 of 40 (CounterLineCombined vs StockfishSF18)
Finished game 1 (CounterLineCombined vs StockfishSF18): 1/2-1/2 {Draw by 3-fold repetition}
Started game 2 of 40 (StockfishSF18 vs CounterLineCombined)
Finished game 2 (StockfishSF18 vs CounterLineCombined): 1/2-1/2 {Draw by fifty moves rule}
Started game 3 of 40 (CounterLineCombined vs StockfishSF18)
Finished game 3 (CounterLineCombined vs StockfishSF18): 0-1 {Black mates}
Started game 4 of 40 (StockfishSF18 vs CounterLineCombined)
Finished game 4 (StockfishSF18 vs CounterLineCombined): 1/2-1/2 {Draw by 3-fold repetition}
Started game 5 of 40 (CounterLineCombined vs StockfishSF18)
Finished game 5 (CounterLineCombined vs StockfishSF18): 1/2-1/2 {Draw by 3-fold repetition}
Started game 6 of 40 (StockfishSF18 vs CounterLineCombined)
Finished game 6 (StockfishSF18 vs CounterLineCombined): 1/2-1/2 {Draw by 3-fold repetition}
Started game 7 of 40 (CounterLineCombined vs StockfishSF18)
Finished game 7 (CounterLineCombined vs StockfishSF18): 1/2-1/2 {Draw by 3-fold repetition}
Started game 8 of 40 (StockfishSF18 vs CounterLineCombined)
Finished game 8 (StockfishSF18 vs CounterLineCombined): 1/2-1/2 {Draw by 3-fold repetition}
Started game 9 of 40 (CounterLineCombined vs StockfishSF18)
Finished game 9 (CounterLineCombined vs StockfishSF18): 1/2-1/2 {Draw by 3-fold repetition}
Started game 10 of 40 (StockfishSF18 vs CounterLineCombined)
Finished game 10 (StockfishSF18 vs CounterLineCombined): 1/2-1/2 {Draw by 3-fold repetition}
Started game 11 of 40 (CounterLineCombined vs StockfishSF18)
Finished game 11 (CounterLineCombined vs StockfishSF18): 1/2-1/2 {Draw by 3-fold repetition}
Started game 12 of 40 (StockfishSF18 vs CounterLineCombined)
Finished game 12 (StockfishSF18 vs CounterLineCombined): 1/2-1/2 {Draw by insufficient mating material}
Started game 13 of 40 (CounterLineCombined vs StockfishSF18)
Finished game 13 (CounterLineCombined vs StockfishSF18): 1/2-1/2 {Draw by 3-fold repetition}
Started game 14 of 40 (StockfishSF18 vs CounterLineCombined)
Finished game 14 (StockfishSF18 vs CounterLineCombined): 0-1 {Black mates}
Started game 15 of 40 (CounterLineCombined vs StockfishSF18)
Finished game 15 (CounterLineCombined vs StockfishSF18): 1/2-1/2 {Draw by 3-fold repetition}
Started game 16 of 40 (StockfishSF18 vs CounterLineCombined)
Finished game 16 (StockfishSF18 vs CounterLineCombined): 0-1 {Black mates}
Started game 17 of 40 (CounterLineCombined vs StockfishSF18)
Finished game 17 (CounterLineCombined vs StockfishSF18): 1-0 {White mates}
Started game 18 of 40 (StockfishSF18 vs CounterLineCombined)
Finished game 18 (StockfishSF18 vs CounterLineCombined): 1/2-1/2 {Draw by 3-fold repetition}
Started game 19 of 40 (CounterLineCombined vs StockfishSF18)
Finished game 19 (CounterLineCombined vs StockfishSF18): 1/2-1/2 {Draw by 3-fold repetition}
Started game 20 of 40 (StockfishSF18 vs CounterLineCombined)
Finished game 20 (StockfishSF18 vs CounterLineCombined): 0-1 {Black mates}
--------------------------------------------------
Results of CounterLineCombined vs StockfishSF18 (1+0.1, 1t, 64MB, exit.epd):
Elo: 52.51 +/- 71.59, nElo: 115.10 +/- 152.27
LOS: 93.08 %, DrawRatio: 50.00 %, PairsRatio: 4.00
Games: 20, Wins: 4, Losses: 1, Draws: 15, Points: 11.5 (57.50 %)
Ptnml(0-2): [0, 1, 5, 4, 0], WL/DD Ratio: 0.00
--------------------------------------------------
Started game 21 of 40 (CounterLineCombined vs StockfishSF18)
Finished game 21 (CounterLineCombined vs StockfishSF18): 1/2-1/2 {Draw by 3-fold repetition}
Started game 22 of 40 (StockfishSF18 vs CounterLineCombined)
Finished game 22 (StockfishSF18 vs CounterLineCombined): 1/2-1/2 {Draw by 3-fold repetition}
Started game 23 of 40 (CounterLineCombined vs StockfishSF18)
Finished game 23 (CounterLineCombined vs StockfishSF18): 1/2-1/2 {Draw by fifty moves rule}
Started game 24 of 40 (StockfishSF18 vs CounterLineCombined)
Finished game 24 (StockfishSF18 vs CounterLineCombined): 1/2-1/2 {Draw by 3-fold repetition}
Started game 25 of 40 (CounterLineCombined vs StockfishSF18)
Finished game 25 (CounterLineCombined vs StockfishSF18): 1/2-1/2 {Draw by 3-fold repetition}
Started game 26 of 40 (StockfishSF18 vs CounterLineCombined)
Finished game 26 (StockfishSF18 vs CounterLineCombined): 1/2-1/2 {Draw by insufficient mating material}
Started game 27 of 40 (CounterLineCombined vs StockfishSF18)
Finished game 27 (CounterLineCombined vs StockfishSF18): 1/2-1/2 {Draw by 3-fold repetition}
Started game 28 of 40 (StockfishSF18 vs CounterLineCombined)
Finished game 28 (StockfishSF18 vs CounterLineCombined): 1/2-1/2 {Draw by 3-fold repetition}
Started game 29 of 40 (CounterLineCombined vs StockfishSF18)
Finished game 29 (CounterLineCombined vs StockfishSF18): 1/2-1/2 {Draw by 3-fold repetition}
Started game 30 of 40 (StockfishSF18 vs CounterLineCombined)
Finished game 30 (StockfishSF18 vs CounterLineCombined): 1/2-1/2 {Draw by 3-fold repetition}
Started game 31 of 40 (CounterLineCombined vs StockfishSF18)
Finished game 31 (CounterLineCombined vs StockfishSF18): 1/2-1/2 {Draw by 3-fold repetition}
Started game 32 of 40 (StockfishSF18 vs CounterLineCombined)
Finished game 32 (StockfishSF18 vs CounterLineCombined): 1/2-1/2 {Draw by 3-fold repetition}
Started game 33 of 40 (CounterLineCombined vs StockfishSF18)
Finished game 33 (CounterLineCombined vs StockfishSF18): 1/2-1/2 {Draw by 3-fold repetition}
Started game 34 of 40 (StockfishSF18 vs CounterLineCombined)
Finished game 34 (StockfishSF18 vs CounterLineCombined): 1/2-1/2 {Draw by 3-fold repetition}
Started game 35 of 40 (CounterLineCombined vs StockfishSF18)
Finished game 35 (CounterLineCombined vs StockfishSF18): 1/2-1/2 {Draw by insufficient mating material}
Started game 36 of 40 (StockfishSF18 vs CounterLineCombined)
Finished game 36 (StockfishSF18 vs CounterLineCombined): 1/2-1/2 {Draw by 3-fold repetition}
Started game 37 of 40 (CounterLineCombined vs StockfishSF18)
Finished game 37 (CounterLineCombined vs StockfishSF18): 1/2-1/2 {Draw by insufficient mating material}
Started game 38 of 40 (StockfishSF18 vs CounterLineCombined)
Finished game 38 (StockfishSF18 vs CounterLineCombined): 1/2-1/2 {Draw by 3-fold repetition}
Started game 39 of 40 (CounterLineCombined vs StockfishSF18)
Finished game 39 (CounterLineCombined vs StockfishSF18): 1/2-1/2 {Draw by insufficient mating material}
Started game 40 of 40 (StockfishSF18 vs CounterLineCombined)
Finished game 40 (StockfishSF18 vs CounterLineCombined): 1/2-1/2 {Draw by insufficient mating material}
--------------------------------------------------
Results of CounterLineCombined vs StockfishSF18 (1+0.1, 1t, 64MB, exit.epd):
Elo: 26.11 +/- 36.66, nElo: 77.26 +/- 107.67
LOS: 92.02 %, DrawRatio: 75.00 %, PairsRatio: 4.00
Games: 40, Wins: 4, Losses: 1, Draws: 35, Points: 21.5 (53.75 %)
Ptnml(0-2): [0, 1, 15, 4, 0], WL/DD Ratio: 0.00
--------------------------------------------------
Finished match
Total Time: 00:08:31 (hours:minutes:seconds)

