Started game 1 of 40 (CounterLineBlack vs StockfishSF18)
Finished game 1 (CounterLineBlack vs StockfishSF18): 1/2-1/2 {Draw by 3-fold repetition}
Started game 2 of 40 (StockfishSF18 vs CounterLineBlack)
Finished game 2 (StockfishSF18 vs CounterLineBlack): 1/2-1/2 {Draw by 3-fold repetition}
Started game 3 of 40 (CounterLineBlack vs StockfishSF18)
Finished game 3 (CounterLineBlack vs StockfishSF18): 1/2-1/2 {Draw by 3-fold repetition}
Started game 4 of 40 (StockfishSF18 vs CounterLineBlack)
Finished game 4 (StockfishSF18 vs CounterLineBlack): 1/2-1/2 {Draw by 3-fold repetition}
Started game 5 of 40 (CounterLineBlack vs StockfishSF18)
Finished game 5 (CounterLineBlack vs StockfishSF18): 1/2-1/2 {Draw by 3-fold repetition}
Started game 6 of 40 (StockfishSF18 vs CounterLineBlack)
Finished game 6 (StockfishSF18 vs CounterLineBlack): 1/2-1/2 {Draw by 3-fold repetition}
Started game 7 of 40 (CounterLineBlack vs StockfishSF18)
Finished game 7 (CounterLineBlack vs StockfishSF18): 1/2-1/2 {Draw by 3-fold repetition}
Started game 8 of 40 (StockfishSF18 vs CounterLineBlack)
Finished game 8 (StockfishSF18 vs CounterLineBlack): 0-1 {Black mates}
Started game 9 of 40 (CounterLineBlack vs StockfishSF18)
Finished game 9 (CounterLineBlack vs StockfishSF18): 1/2-1/2 {Draw by 3-fold repetition}
Started game 10 of 40 (StockfishSF18 vs CounterLineBlack)
Finished game 10 (StockfishSF18 vs CounterLineBlack): 1/2-1/2 {Draw by 3-fold repetition}
Started game 11 of 40 (CounterLineBlack vs StockfishSF18)
Finished game 11 (CounterLineBlack vs StockfishSF18): 1/2-1/2 {Draw by 3-fold repetition}
Started game 12 of 40 (StockfishSF18 vs CounterLineBlack)
Finished game 12 (StockfishSF18 vs CounterLineBlack): 1/2-1/2 {Draw by 3-fold repetition}
Started game 13 of 40 (CounterLineBlack vs StockfishSF18)
Finished game 13 (CounterLineBlack vs StockfishSF18): 1/2-1/2 {Draw by 3-fold repetition}
Started game 14 of 40 (StockfishSF18 vs CounterLineBlack)
Finished game 14 (StockfishSF18 vs CounterLineBlack): 1/2-1/2 {Draw by 3-fold repetition}
Started game 15 of 40 (CounterLineBlack vs StockfishSF18)
Finished game 15 (CounterLineBlack vs StockfishSF18): 1/2-1/2 {Draw by insufficient mating material}
Started game 16 of 40 (StockfishSF18 vs CounterLineBlack)
Finished game 16 (StockfishSF18 vs CounterLineBlack): 1/2-1/2 {Draw by 3-fold repetition}
Started game 17 of 40 (CounterLineBlack vs StockfishSF18)
Finished game 17 (CounterLineBlack vs StockfishSF18): 1/2-1/2 {Draw by fifty moves rule}
Started game 18 of 40 (StockfishSF18 vs CounterLineBlack)
Finished game 18 (StockfishSF18 vs CounterLineBlack): 1/2-1/2 {Draw by 3-fold repetition}
Started game 19 of 40 (CounterLineBlack vs StockfishSF18)
Finished game 19 (CounterLineBlack vs StockfishSF18): 1/2-1/2 {Draw by 3-fold repetition}
Started game 20 of 40 (StockfishSF18 vs CounterLineBlack)
Finished game 20 (StockfishSF18 vs CounterLineBlack): 1/2-1/2 {Draw by 3-fold repetition}
--------------------------------------------------
Results of CounterLineBlack vs StockfishSF18 (10+0.1, 1t, 64MB, exits.epd):
Elo: 17.39 +/- 32.48, nElo: 81.89 +/- 152.27
LOS: 85.41 %, DrawRatio: 90.00 %, PairsRatio: inf
Games: 20, Wins: 1, Losses: 0, Draws: 19, Points: 10.5 (52.50 %)
Ptnml(0-2): [0, 0, 9, 1, 0], WL/DD Ratio: 0.00
--------------------------------------------------
Started game 21 of 40 (CounterLineBlack vs StockfishSF18)
Finished game 21 (CounterLineBlack vs StockfishSF18): 1/2-1/2 {Draw by 3-fold repetition}
Started game 22 of 40 (StockfishSF18 vs CounterLineBlack)
Finished game 22 (StockfishSF18 vs CounterLineBlack): 1/2-1/2 {Draw by 3-fold repetition}
Started game 23 of 40 (CounterLineBlack vs StockfishSF18)
Finished game 23 (CounterLineBlack vs StockfishSF18): 1/2-1/2 {Draw by insufficient mating material}
Started game 24 of 40 (StockfishSF18 vs CounterLineBlack)
Finished game 24 (StockfishSF18 vs CounterLineBlack): 1/2-1/2 {Draw by fifty moves rule}
Started game 25 of 40 (CounterLineBlack vs StockfishSF18)
Finished game 25 (CounterLineBlack vs StockfishSF18): 1/2-1/2 {Draw by 3-fold repetition}
Started game 26 of 40 (StockfishSF18 vs CounterLineBlack)
Finished game 26 (StockfishSF18 vs CounterLineBlack): 1/2-1/2 {Draw by 3-fold repetition}
Started game 27 of 40 (CounterLineBlack vs StockfishSF18)
Finished game 27 (CounterLineBlack vs StockfishSF18): 1/2-1/2 {Draw by 3-fold repetition}
Started game 28 of 40 (StockfishSF18 vs CounterLineBlack)
Finished game 28 (StockfishSF18 vs CounterLineBlack): 1/2-1/2 {Draw by 3-fold repetition}
Started game 29 of 40 (CounterLineBlack vs StockfishSF18)
Finished game 29 (CounterLineBlack vs StockfishSF18): 1/2-1/2 {Draw by 3-fold repetition}
Started game 30 of 40 (StockfishSF18 vs CounterLineBlack)
Finished game 30 (StockfishSF18 vs CounterLineBlack): 1/2-1/2 {Draw by 3-fold repetition}
Started game 31 of 40 (CounterLineBlack vs StockfishSF18)
Finished game 31 (CounterLineBlack vs StockfishSF18): 1/2-1/2 {Draw by 3-fold repetition}
Started game 32 of 40 (StockfishSF18 vs CounterLineBlack)
Finished game 32 (StockfishSF18 vs CounterLineBlack): 1/2-1/2 {Draw by 3-fold repetition}
Started game 33 of 40 (CounterLineBlack vs StockfishSF18)
Finished game 33 (CounterLineBlack vs StockfishSF18): 1/2-1/2 {Draw by 3-fold repetition}
Started game 34 of 40 (StockfishSF18 vs CounterLineBlack)
Finished game 34 (StockfishSF18 vs CounterLineBlack): 1/2-1/2 {Draw by insufficient mating material}
Started game 35 of 40 (CounterLineBlack vs StockfishSF18)
Finished game 35 (CounterLineBlack vs StockfishSF18): 1/2-1/2 {Draw by 3-fold repetition}
Started game 36 of 40 (StockfishSF18 vs CounterLineBlack)
Finished game 36 (StockfishSF18 vs CounterLineBlack): 1/2-1/2 {Draw by 3-fold repetition}
Started game 37 of 40 (CounterLineBlack vs StockfishSF18)
Finished game 37 (CounterLineBlack vs StockfishSF18): 1/2-1/2 {Draw by 3-fold repetition}
Started game 38 of 40 (StockfishSF18 vs CounterLineBlack)
Finished game 38 (StockfishSF18 vs CounterLineBlack): 1/2-1/2 {Draw by 3-fold repetition}
Started game 39 of 40 (CounterLineBlack vs StockfishSF18)
Finished game 39 (CounterLineBlack vs StockfishSF18): 1/2-1/2 {Draw by 3-fold repetition}
Started game 40 of 40 (StockfishSF18 vs CounterLineBlack)
Finished game 40 (StockfishSF18 vs CounterLineBlack): 1/2-1/2 {Draw by 3-fold repetition}
--------------------------------------------------
Results of CounterLineBlack vs StockfishSF18 (10+0.1, 1t, 64MB, exits.epd):
Elo: 8.69 +/- 16.62, nElo: 56.36 +/- 107.67
LOS: 84.75 %, DrawRatio: 95.00 %, PairsRatio: inf
Games: 40, Wins: 1, Losses: 0, Draws: 39, Points: 20.5 (51.25 %)
Ptnml(0-2): [0, 0, 19, 1, 0], WL/DD Ratio: 0.00
--------------------------------------------------
Finished match
Total Time: 00:16:06 (hours:minutes:seconds)

