Started game 1 of 40 (master vs sf18)
Finished game 1 (master vs sf18): 1-0 {White mates}
Started game 2 of 40 (sf18 vs master)
Finished game 2 (sf18 vs master): 1-0 {White mates}
Started game 3 of 40 (master vs sf18)
Finished game 3 (master vs sf18): 1-0 {White mates}
Started game 4 of 40 (sf18 vs master)
Finished game 4 (sf18 vs master): 1-0 {White mates}
Started game 5 of 40 (master vs sf18)
Finished game 5 (master vs sf18): 1-0 {White mates}
Started game 6 of 40 (sf18 vs master)
Finished game 6 (sf18 vs master): 1-0 {White mates}
Started game 7 of 40 (master vs sf18)
Finished game 7 (master vs sf18): 1-0 {White mates}
Started game 8 of 40 (sf18 vs master)
Finished game 8 (sf18 vs master): 1-0 {White mates}
Started game 9 of 40 (master vs sf18)
Finished game 9 (master vs sf18): 1-0 {White mates}
Started game 10 of 40 (sf18 vs master)
Finished game 10 (sf18 vs master): 1-0 {White mates}
Started game 11 of 40 (master vs sf18)
Finished game 11 (master vs sf18): 1-0 {White mates}
Started game 12 of 40 (sf18 vs master)
Finished game 12 (sf18 vs master): 1-0 {White mates}
Started game 13 of 40 (master vs sf18)
Finished game 13 (master vs sf18): 1-0 {White mates}
Started game 14 of 40 (sf18 vs master)
Finished game 14 (sf18 vs master): 1-0 {White mates}
Started game 15 of 40 (master vs sf18)
Finished game 15 (master vs sf18): 1-0 {White mates}
Started game 16 of 40 (sf18 vs master)
Finished game 16 (sf18 vs master): 1-0 {White mates}
Started game 17 of 40 (master vs sf18)
Finished game 17 (master vs sf18): 1-0 {White mates}
Started game 18 of 40 (sf18 vs master)
Finished game 18 (sf18 vs master): 1-0 {White mates}
Started game 19 of 40 (master vs sf18)
Finished game 19 (master vs sf18): 1-0 {White mates}
Started game 20 of 40 (sf18 vs master)
Finished game 20 (sf18 vs master): 1-0 {White mates}
--------------------------------------------------
Results of master vs sf18 (1+0.1, 1t, 16MB, exit.epd):
Elo: -0.00 +/- 0.00, nElo: -nan +/- -nan
LOS: -nan %, DrawRatio: 100.00 %, PairsRatio: -nan
Games: 20, Wins: 10, Losses: 10, Draws: 0, Points: 10.0 (50.00 %)
Ptnml(0-2): [0, 0, 10, 0, 0], WL/DD Ratio: inf
--------------------------------------------------
Started game 21 of 40 (master vs sf18)
Finished game 21 (master vs sf18): 1-0 {White mates}
Started game 22 of 40 (sf18 vs master)
Finished game 22 (sf18 vs master): 1-0 {White mates}
Started game 23 of 40 (master vs sf18)
Finished game 23 (master vs sf18): 1-0 {White mates}
Started game 24 of 40 (sf18 vs master)
Finished game 24 (sf18 vs master): 1-0 {White mates}
Started game 25 of 40 (master vs sf18)
Finished game 25 (master vs sf18): 1-0 {White mates}
Started game 26 of 40 (sf18 vs master)
Finished game 26 (sf18 vs master): 1-0 {White mates}
Started game 27 of 40 (master vs sf18)
Finished game 27 (master vs sf18): 1-0 {White mates}
Started game 28 of 40 (sf18 vs master)
Finished game 28 (sf18 vs master): 1-0 {White mates}
Started game 29 of 40 (master vs sf18)
Finished game 29 (master vs sf18): 1-0 {White mates}
Started game 30 of 40 (sf18 vs master)
Finished game 30 (sf18 vs master): 1-0 {White mates}
Started game 31 of 40 (master vs sf18)
Finished game 31 (master vs sf18): 1-0 {White mates}
Started game 32 of 40 (sf18 vs master)
Finished game 32 (sf18 vs master): 1-0 {White mates}
Started game 33 of 40 (master vs sf18)
Finished game 33 (master vs sf18): 1-0 {White mates}
Started game 34 of 40 (sf18 vs master)
Finished game 34 (sf18 vs master): 1-0 {White mates}
Started game 35 of 40 (master vs sf18)
Finished game 35 (master vs sf18): 1-0 {White mates}
Started game 36 of 40 (sf18 vs master)
Finished game 36 (sf18 vs master): 1-0 {White mates}
Started game 37 of 40 (master vs sf18)
Finished game 37 (master vs sf18): 1-0 {White mates}
Started game 38 of 40 (sf18 vs master)
Finished game 38 (sf18 vs master): 1-0 {White mates}
Started game 39 of 40 (master vs sf18)
Finished game 39 (master vs sf18): 1-0 {White mates}
Started game 40 of 40 (sf18 vs master)
Finished game 40 (sf18 vs master): 1-0 {White mates}
--------------------------------------------------
Results of master vs sf18 (1+0.1, 1t, 16MB, exit.epd):
Elo: -0.00 +/- 0.00, nElo: -nan +/- -nan
LOS: -nan %, DrawRatio: 100.00 %, PairsRatio: -nan
Games: 40, Wins: 20, Losses: 20, Draws: 0, Points: 20.0 (50.00 %)
Ptnml(0-2): [0, 0, 20, 0, 0], WL/DD Ratio: inf
--------------------------------------------------
Finished match
Total Time: 00:08:35 (hours:minutes:seconds)

