Started game 1 of 40 (master vs sf18)
Finished game 1 (master vs sf18): 1/2-1/2 {Draw by 3-fold repetition}
Started game 2 of 40 (sf18 vs master)
Finished game 2 (sf18 vs master): 1/2-1/2 {Draw by fifty moves rule}
Started game 3 of 40 (master vs sf18)
Finished game 3 (master vs sf18): 1/2-1/2 {Draw by 3-fold repetition}
Started game 4 of 40 (sf18 vs master)
Finished game 4 (sf18 vs master): 1/2-1/2 {Draw by 3-fold repetition}
Started game 5 of 40 (master vs sf18)
Finished game 5 (master vs sf18): 1/2-1/2 {Draw by 3-fold repetition}
Started game 6 of 40 (sf18 vs master)
Finished game 6 (sf18 vs master): 1/2-1/2 {Draw by 3-fold repetition}
Started game 7 of 40 (master vs sf18)
Finished game 7 (master vs sf18): 1/2-1/2 {Draw by 3-fold repetition}
Started game 8 of 40 (sf18 vs master)
Finished game 8 (sf18 vs master): 1/2-1/2 {Draw by 3-fold repetition}
Started game 9 of 40 (master vs sf18)
Finished game 9 (master vs sf18): 1/2-1/2 {Draw by fifty moves rule}
Started game 10 of 40 (sf18 vs master)
Finished game 10 (sf18 vs master): 1/2-1/2 {Draw by 3-fold repetition}
Started game 11 of 40 (master vs sf18)
Finished game 11 (master vs sf18): 1/2-1/2 {Draw by 3-fold repetition}
Started game 12 of 40 (sf18 vs master)
Finished game 12 (sf18 vs master): 1/2-1/2 {Draw by 3-fold repetition}
Started game 13 of 40 (master vs sf18)
Finished game 13 (master vs sf18): 1/2-1/2 {Draw by 3-fold repetition}
Started game 14 of 40 (sf18 vs master)
Finished game 14 (sf18 vs master): 1/2-1/2 {Draw by insufficient mating material}
Started game 15 of 40 (master vs sf18)
Finished game 15 (master vs sf18): 1/2-1/2 {Draw by 3-fold repetition}
Started game 16 of 40 (sf18 vs master)
Finished game 16 (sf18 vs master): 1/2-1/2 {Draw by 3-fold repetition}
Started game 17 of 40 (master vs sf18)
Finished game 17 (master vs sf18): 1/2-1/2 {Draw by 3-fold repetition}
Started game 18 of 40 (sf18 vs master)
Finished game 18 (sf18 vs master): 1-0 {White mates}
Started game 19 of 40 (master vs sf18)
Finished game 19 (master vs sf18): 1/2-1/2 {Draw by 3-fold repetition}
Started game 20 of 40 (sf18 vs master)
Finished game 20 (sf18 vs master): 1/2-1/2 {Draw by 3-fold repetition}
--------------------------------------------------
Results of master vs sf18 (1+0.1, 1t, 16MB, exit.epd):
Elo: -17.39 +/- 32.48, nElo: -81.89 +/- 152.27
LOS: 14.59 %, DrawRatio: 90.00 %, PairsRatio: 0.00
Games: 20, Wins: 0, Losses: 1, Draws: 19, Points: 9.5 (47.50 %)
Ptnml(0-2): [0, 1, 9, 0, 0], WL/DD Ratio: 0.00
--------------------------------------------------
Started game 21 of 40 (master vs sf18)
Finished game 21 (master vs sf18): 0-1 {Black mates}
Started game 22 of 40 (sf18 vs master)
Finished game 22 (sf18 vs master): 1/2-1/2 {Draw by 3-fold repetition}
Started game 23 of 40 (master vs sf18)
Finished game 23 (master vs sf18): 1/2-1/2 {Draw by 3-fold repetition}
Started game 24 of 40 (sf18 vs master)
Finished game 24 (sf18 vs master): 1/2-1/2 {Draw by 3-fold repetition}
Started game 25 of 40 (master vs sf18)
Finished game 25 (master vs sf18): 1/2-1/2 {Draw by 3-fold repetition}
Started game 26 of 40 (sf18 vs master)
Finished game 26 (sf18 vs master): 1/2-1/2 {Draw by 3-fold repetition}
Started game 27 of 40 (master vs sf18)
Finished game 27 (master vs sf18): 1/2-1/2 {Draw by insufficient mating material}
Started game 28 of 40 (sf18 vs master)
Finished game 28 (sf18 vs master): 1/2-1/2 {Draw by 3-fold repetition}
Started game 29 of 40 (master vs sf18)
Finished game 29 (master vs sf18): 1/2-1/2 {Draw by 3-fold repetition}
Started game 30 of 40 (sf18 vs master)
Finished game 30 (sf18 vs master): 1/2-1/2 {Draw by stalemate}
Started game 31 of 40 (master vs sf18)
Finished game 31 (master vs sf18): 1-0 {White mates}
Started game 32 of 40 (sf18 vs master)
Finished game 32 (sf18 vs master): 1-0 {White mates}
Started game 33 of 40 (master vs sf18)
Finished game 33 (master vs sf18): 1/2-1/2 {Draw by insufficient mating material}
Started game 34 of 40 (sf18 vs master)
Finished game 34 (sf18 vs master): 1/2-1/2 {Draw by stalemate}
Started game 35 of 40 (master vs sf18)
Finished game 35 (master vs sf18): 1/2-1/2 {Draw by 3-fold repetition}
Started game 36 of 40 (sf18 vs master)
Finished game 36 (sf18 vs master): 1/2-1/2 {Draw by 3-fold repetition}
Started game 37 of 40 (master vs sf18)
Finished game 37 (master vs sf18): 1/2-1/2 {Draw by 3-fold repetition}
Started game 38 of 40 (sf18 vs master)
Finished game 38 (sf18 vs master): 1/2-1/2 {Draw by 3-fold repetition}
Started game 39 of 40 (master vs sf18)
Finished game 39 (master vs sf18): 1-0 {White mates}
Started game 40 of 40 (sf18 vs master)
Finished game 40 (sf18 vs master): 1-0 {White mates}
--------------------------------------------------
Results of master vs sf18 (1+0.1, 1t, 16MB, exit.epd):
Elo: -17.39 +/- 22.93, nElo: -81.89 +/- 107.67
LOS: 6.80 %, DrawRatio: 90.00 %, PairsRatio: 0.00
Games: 40, Wins: 2, Losses: 4, Draws: 34, Points: 19.0 (47.50 %)
Ptnml(0-2): [0, 2, 18, 0, 0], WL/DD Ratio: 0.12
--------------------------------------------------
Finished match
Total Time: 00:09:00 (hours:minutes:seconds)

