Started game 1 of 40 (CounterLineCombined vs StockfishSF18)
Finished game 1 (CounterLineCombined vs StockfishSF18): 1-0 {White mates}
Started game 2 of 40 (StockfishSF18 vs CounterLineCombined)
Finished game 2 (StockfishSF18 vs CounterLineCombined): 1-0 {White mates}
Started game 3 of 40 (CounterLineCombined vs StockfishSF18)
Finished game 3 (CounterLineCombined vs StockfishSF18): 1-0 {White mates}
Started game 4 of 40 (StockfishSF18 vs CounterLineCombined)
Finished game 4 (StockfishSF18 vs CounterLineCombined): 1-0 {White mates}
Started game 5 of 40 (CounterLineCombined vs StockfishSF18)
Finished game 5 (CounterLineCombined vs StockfishSF18): 1-0 {White mates}
Started game 6 of 40 (StockfishSF18 vs CounterLineCombined)
Finished game 6 (StockfishSF18 vs CounterLineCombined): 1-0 {White mates}
Started game 7 of 40 (CounterLineCombined vs StockfishSF18)
Finished game 7 (CounterLineCombined vs StockfishSF18): 1-0 {White mates}
Started game 8 of 40 (StockfishSF18 vs CounterLineCombined)
Finished game 8 (StockfishSF18 vs CounterLineCombined): 1-0 {White mates}
Started game 9 of 40 (CounterLineCombined vs StockfishSF18)
Finished game 9 (CounterLineCombined vs StockfishSF18): 1-0 {White mates}
Started game 10 of 40 (StockfishSF18 vs CounterLineCombined)
Finished game 10 (StockfishSF18 vs CounterLineCombined): 1-0 {White mates}
Started game 11 of 40 (CounterLineCombined vs StockfishSF18)
Finished game 11 (CounterLineCombined vs StockfishSF18): 1-0 {White mates}
Started game 12 of 40 (StockfishSF18 vs CounterLineCombined)
Finished game 12 (StockfishSF18 vs CounterLineCombined): 1-0 {White mates}
Started game 13 of 40 (CounterLineCombined vs StockfishSF18)
Finished game 13 (CounterLineCombined vs StockfishSF18): 1-0 {White mates}
Started game 14 of 40 (StockfishSF18 vs CounterLineCombined)
Finished game 14 (StockfishSF18 vs CounterLineCombined): 1-0 {White mates}
Started game 15 of 40 (CounterLineCombined vs StockfishSF18)
Finished game 15 (CounterLineCombined vs StockfishSF18): 1-0 {White mates}
Started game 16 of 40 (StockfishSF18 vs CounterLineCombined)
Finished game 16 (StockfishSF18 vs CounterLineCombined): 1-0 {White mates}
Started game 17 of 40 (CounterLineCombined vs StockfishSF18)
Finished game 17 (CounterLineCombined vs StockfishSF18): 1-0 {White mates}
Started game 18 of 40 (StockfishSF18 vs CounterLineCombined)
Finished game 18 (StockfishSF18 vs CounterLineCombined): 1-0 {White mates}
Started game 19 of 40 (CounterLineCombined vs StockfishSF18)
Finished game 19 (CounterLineCombined vs StockfishSF18): 1-0 {White mates}
Started game 20 of 40 (StockfishSF18 vs CounterLineCombined)
Finished game 20 (StockfishSF18 vs CounterLineCombined): 1-0 {White mates}
--------------------------------------------------
Results of CounterLineCombined vs StockfishSF18 (1+0.1, 1t, 64MB, exit.epd):
Elo: -0.00 +/- 0.00, nElo: -nan +/- -nan
LOS: -nan %, DrawRatio: 100.00 %, PairsRatio: -nan
Games: 20, Wins: 10, Losses: 10, Draws: 0, Points: 10.0 (50.00 %)
Ptnml(0-2): [0, 0, 10, 0, 0], WL/DD Ratio: inf
--------------------------------------------------
Started game 21 of 40 (CounterLineCombined vs StockfishSF18)
Finished game 21 (CounterLineCombined vs StockfishSF18): 1-0 {White mates}
Started game 22 of 40 (StockfishSF18 vs CounterLineCombined)
Finished game 22 (StockfishSF18 vs CounterLineCombined): 1-0 {White mates}
Started game 23 of 40 (CounterLineCombined vs StockfishSF18)
Finished game 23 (CounterLineCombined vs StockfishSF18): 1-0 {White mates}
Started game 24 of 40 (StockfishSF18 vs CounterLineCombined)
Finished game 24 (StockfishSF18 vs CounterLineCombined): 1-0 {White mates}
Started game 25 of 40 (CounterLineCombined vs StockfishSF18)
Finished game 25 (CounterLineCombined vs StockfishSF18): 1-0 {White mates}
Started game 26 of 40 (StockfishSF18 vs CounterLineCombined)
Finished game 26 (StockfishSF18 vs CounterLineCombined): 1-0 {White mates}
Started game 27 of 40 (CounterLineCombined vs StockfishSF18)
Finished game 27 (CounterLineCombined vs StockfishSF18): 1-0 {White mates}
Started game 28 of 40 (StockfishSF18 vs CounterLineCombined)
Finished game 28 (StockfishSF18 vs CounterLineCombined): 1-0 {White mates}
Started game 29 of 40 (CounterLineCombined vs StockfishSF18)
Finished game 29 (CounterLineCombined vs StockfishSF18): 1-0 {White mates}
Started game 30 of 40 (StockfishSF18 vs CounterLineCombined)
Finished game 30 (StockfishSF18 vs CounterLineCombined): 1-0 {White mates}
Started game 31 of 40 (CounterLineCombined vs StockfishSF18)
Finished game 31 (CounterLineCombined vs StockfishSF18): 1-0 {White mates}
Started game 32 of 40 (StockfishSF18 vs CounterLineCombined)
Finished game 32 (StockfishSF18 vs CounterLineCombined): 1-0 {White mates}
Started game 33 of 40 (CounterLineCombined vs StockfishSF18)
Finished game 33 (CounterLineCombined vs StockfishSF18): 1/2-1/2 {Draw by 3-fold repetition}
Started game 34 of 40 (StockfishSF18 vs CounterLineCombined)
Finished game 34 (StockfishSF18 vs CounterLineCombined): 1-0 {White mates}
Started game 35 of 40 (CounterLineCombined vs StockfishSF18)
Finished game 35 (CounterLineCombined vs StockfishSF18): 1-0 {White mates}
Started game 36 of 40 (StockfishSF18 vs CounterLineCombined)
Finished game 36 (StockfishSF18 vs CounterLineCombined): 1-0 {White mates}
Started game 37 of 40 (CounterLineCombined vs StockfishSF18)
Finished game 37 (CounterLineCombined vs StockfishSF18): 1-0 {White mates}
Started game 38 of 40 (StockfishSF18 vs CounterLineCombined)
Finished game 38 (StockfishSF18 vs CounterLineCombined): 1-0 {White mates}
Started game 39 of 40 (CounterLineCombined vs StockfishSF18)
Finished game 39 (CounterLineCombined vs StockfishSF18): 1-0 {White mates}
Started game 40 of 40 (StockfishSF18 vs CounterLineCombined)
Finished game 40 (StockfishSF18 vs CounterLineCombined): 1-0 {White mates}
--------------------------------------------------
Results of CounterLineCombined vs StockfishSF18 (1+0.1, 1t, 64MB, exit.epd):
Elo: -8.69 +/- 16.62, nElo: -56.36 +/- 107.67
LOS: 15.25 %, DrawRatio: 95.00 %, PairsRatio: 0.00
Games: 40, Wins: 19, Losses: 20, Draws: 1, Points: 19.5 (48.75 %)
Ptnml(0-2): [0, 1, 19, 0, 0], WL/DD Ratio: inf
--------------------------------------------------
Finished match
Total Time: 00:08:54 (hours:minutes:seconds)

